<?xml version="1.0" encoding="UTF-8" ?>
<testsuite tests="5" failures="0" name="cucumberOptions.TestRunner" time="0.003" errors="0" skipped="0">
  <properties>
[...]
</properties>
  <testcase classname="Scenario: Homepage default login" name="Given User is on the internet banking landing page" time="0.003"/>
  <testcase classname="Scenario: Homepage default login" name="When User logs on to app with username and password" time="0"/>
  <testcase classname="Scenario: Homepage default login" name="Then Homepage is populated" time="0"/>
  <testcase classname="Scenario: Homepage default login" name="And All banking cards are displayed" time="0"/>
  <testcase classname="Scenario: Homepage default login" name="Scenario: Homepage default login" time="0"/>
</testsuite>